\BOOKMARK [1][-]{section.1}{\376\377\000W\000p\000r\000o\000w\000a\000d\000z\000e\000n\000i\000e}{}% 1
\BOOKMARK [1][-]{section.2}{\376\377\000A\000r\000c\000h\000i\000t\000e\000k\000t\000u\000r\000a\000\040\000s\000y\000s\000t\000e\000m\000u}{}% 2
\BOOKMARK [2][-]{subsection.2.1}{\376\377\000S\000c\000h\000e\000m\000a\000t\000\040\000l\000o\000g\000i\000c\000z\000n\000y}{section.2}% 3
\BOOKMARK [2][-]{subsection.2.2}{\376\377\000O\000p\000i\000s\000\040\000k\000o\000m\000p\000o\000n\000e\000n\000t\000\363\000w}{section.2}% 4
\BOOKMARK [1][-]{section.3}{\376\377\000S\000t\000r\000u\000k\000t\000u\000r\000a\000\040\000b\000a\000z\000y\000\040\000d\000a\000n\000y\000c\000h\000\040\000O\000r\000a\000c\000l\000e}{}% 5
\BOOKMARK [2][-]{subsection.3.1}{\376\377\000T\000a\000b\000e\000l\000a\000\040\000W\000E\000A\000T\000H\000E\000R\000\137\000L\000O\000C\000A\000T\000I\000O\000N\000S}{section.3}% 6
\BOOKMARK [2][-]{subsection.3.2}{\376\377\000T\000a\000b\000e\000l\000a\000\040\000W\000E\000A\000T\000H\000E\000R\000\137\000M\000E\000A\000S\000U\000R\000E\000M\000E\000N\000T\000S}{section.3}% 7
\BOOKMARK [1][-]{section.4}{\376\377\000K\000o\000n\000t\000r\000a\000k\000t\000\040\000J\000S\000O\000N\000\040\000p\000o\000m\000i\001\031\000d\000z\000y\000\040\000.\000N\000E\000T\000\040\000a\000\040\000O\000r\000a\000c\000l\000e}{}% 8
\BOOKMARK [1][-]{section.5}{\376\377\000K\000o\000n\000f\000i\000g\000u\000r\000a\000c\000j\000a\000\040\000s\000y\000s\000t\000e\000m\000u\000\040\000\050\000.\000N\000E\000T\000\051}{}% 9
\BOOKMARK [2][-]{subsection.5.1}{\376\377\000P\000l\000i\000k\000\040\000a\000p\000p\000s\000e\000t\000t\000i\000n\000g\000s\000.\000j\000s\000o\000n}{section.5}% 10
\BOOKMARK [1][-]{section.6}{\376\377\000I\000m\000p\000l\000e\000m\000e\000n\000t\000a\000c\000j\000a\000\040\000a\000p\000l\000i\000k\000a\000c\000j\000i\000\040\000.\000N\000E\000T\000\040\0008\000\040\000\050\000M\000i\000n\000i\000m\000a\000l\000\040\000A\000P\000I\000\040\000+\000\040\000W\000o\000r\000k\000e\000r\000\051}{}% 11
\BOOKMARK [2][-]{subsection.6.1}{\376\377\000P\000r\000o\000g\000r\000a\000m\000.\000c\000s\000\040\040\023\000\040\000k\000o\000n\000f\000i\000g\000u\000r\000a\000c\000j\000a\000\040\000h\000o\000s\000t\000a\000\040\000i\000\040\000e\000n\000d\000p\000o\000i\000n\000t\000\363\000w}{section.6}% 12
\BOOKMARK [2][-]{subsection.6.2}{\376\377\000W\000o\000r\000k\000e\000r\000.\000c\000s\000\040\040\023\000\040\000c\000y\000k\000l\000i\000c\000z\000n\000y\000\040\000j\000o\000b\000\040\000t\000e\000s\000t\000o\000w\000y}{section.6}% 13
\BOOKMARK [1][-]{section.7}{\376\377\000L\000o\000g\000i\000k\000a\000\040\000s\000y\000n\000c\000h\000r\000o\000n\000i\000z\000a\000c\000j\000i\000\040\040\023\000\040\000W\000e\000a\000t\000h\000e\000r\000S\000y\000n\000c\000J\000o\000b}{}% 14
\BOOKMARK [2][-]{subsection.7.1}{\376\377\000P\000o\000b\000i\000e\000r\000a\000n\000i\000e\000\040\000i\000\040\000p\000a\000r\000s\000o\000w\000a\000n\000i\000e\000\040\000d\000a\000n\000y\000c\000h\000\040\000z\000\040\000O\000p\000e\000n\000-\000M\000e\000t\000e\000o}{section.7}% 15
\BOOKMARK [2][-]{subsection.7.2}{\376\377\000I\000n\000s\000e\000r\000t\000\040\000d\000o\000\040\000T\000M\000Y\000S\000Z\000A\000K\000.\000W\000E\000A\000T\000H\000E\000R\000\137\000M\000E\000A\000S\000U\000R\000E\000M\000E\000N\000T\000S}{section.7}% 16
\BOOKMARK [1][-]{section.8}{\376\377\000P\000r\000o\000c\000e\000d\000u\000r\000y\000\040\000P\000L\000/\000S\000Q\000L\000\040\000i\000\040\000s\000c\000h\000e\000d\000u\000l\000e\000r}{}% 17
\BOOKMARK [2][-]{subsection.8.1}{\376\377\000P\000\137\000W\000E\000A\000T\000H\000E\000R\000\137\000S\000Y\000N\000C\000\137\000O\000N\000E\000\137\000L\000O\000C}{section.8}% 18
\BOOKMARK [2][-]{subsection.8.2}{\376\377\000J\000O\000B\000\137\000W\000E\000A\000T\000H\000E\000R\000\137\000S\000Y\000N\000C\000\137\000A\000L\000L}{section.8}% 19
\BOOKMARK [2][-]{subsection.8.3}{\376\377\000P\000\137\000T\000E\000S\000T\000\137\000W\000E\000A\000T\000H\000E\000R\000\137\000P\000R\000O\000X\000Y\000\040\000i\000\040\000A\000C\000L}{section.8}% 20
\BOOKMARK [1][-]{section.9}{\376\377\000I\000n\000s\000t\000a\000l\000a\000c\000j\000a\000\040\000a\000p\000l\000i\000k\000a\000c\000j\000i\000\040\000.\000N\000E\000T\000\040\000j\000a\000k\000o\000\040\000u\000s\001\102\000u\000g\000a\000\040\000W\000i\000n\000d\000o\000w\000s}{}% 21
\BOOKMARK [2][-]{subsection.9.1}{\376\377\000P\000u\000b\000l\000i\000k\000a\000c\000j\000a\000\040\000p\000r\000o\000j\000e\000k\000t\000u}{section.9}% 22
\BOOKMARK [2][-]{subsection.9.2}{\376\377\000R\000e\000j\000e\000s\000t\000r\000a\000c\000j\000a\000\040\000u\000s\001\102\000u\000g\000i}{section.9}% 23
\BOOKMARK [1][-]{section.10}{\376\377\000P\000o\000d\000s\000u\000m\000o\000w\000a\000n\000i\000e}{}% 24
